0 info it worked if it ends with ok
1 verbose cli [ '/usr/local/Cellar/node/6.2.2/bin/node',
1 verbose cli   '/usr/local/bin/npm',
1 verbose cli   'run',
1 verbose cli   'build' ]
2 info using npm@3.9.5
3 info using node@v6.2.2
4 verbose run-script [ 'prebuild', 'build', 'postbuild' ]
5 info lifecycle frontend-boilerplate@1.0.0~prebuild: frontend-boilerplate@1.0.0
6 silly lifecycle frontend-boilerplate@1.0.0~prebuild: no script for prebuild, continuing
7 info lifecycle frontend-boilerplate@1.0.0~build: frontend-boilerplate@1.0.0
8 verbose lifecycle frontend-boilerplate@1.0.0~build: unsafe-perm in lifecycle true
9 verbose lifecycle frontend-boilerplate@1.0.0~build: PATH: /usr/local/lib/node_modules/npm/bin/node-gyp-bin:/Users/nick/codes/infographic-far-sea-fishing/node_modules/.bin:/usr/local/Cellar/node/6.2.2/bin:/Users/nick/google-cloud-sdk/bin:/usr/local/bin:/usr/bin:/bin:/usr/sbin:/sbin:/Users/nick/google-cloud-sdk/bin
10 verbose lifecycle frontend-boilerplate@1.0.0~build: CWD: /Users/nick/codes/infographic-far-sea-fishing
11 silly lifecycle frontend-boilerplate@1.0.0~build: Args: [ '-c', 'NODE_ENV=production webpack --progress --colors' ]
12 info lifecycle frontend-boilerplate@1.0.0~build: Failed to exec build script
13 verbose stack Error: frontend-boilerplate@1.0.0 build: `NODE_ENV=production webpack --progress --colors`
13 verbose stack spawn ENOENT
13 verbose stack     at ChildProcess.<anonymous> (/usr/local/lib/node_modules/npm/lib/utils/spawn.js:17:16)
13 verbose stack     at emitTwo (events.js:106:13)
13 verbose stack     at ChildProcess.emit (events.js:191:7)
13 verbose stack     at maybeClose (internal/child_process.js:852:16)
13 verbose stack     at Process.ChildProcess._handle.onexit (internal/child_process.js:215:5)
14 verbose pkgid frontend-boilerplate@1.0.0
15 verbose cwd /Users/nick/codes/infographic-far-sea-fishing
16 error Darwin 15.3.0
17 error argv "/usr/local/Cellar/node/6.2.2/bin/node" "/usr/local/bin/npm" "run" "build"
18 error node v6.2.2
19 error npm  v3.9.5
20 error file sh
21 error code ELIFECYCLE
22 error errno ENOENT
23 error syscall spawn
24 error frontend-boilerplate@1.0.0 build: `NODE_ENV=production webpack --progress --colors`
24 error spawn ENOENT
25 error Failed at the frontend-boilerplate@1.0.0 build script 'NODE_ENV=production webpack --progress --colors'.
25 error Make sure you have the latest version of node.js and npm installed.
25 error If you do, this is most likely a problem with the frontend-boilerplate package,
25 error not with npm itself.
25 error Tell the author that this fails on your system:
25 error     NODE_ENV=production webpack --progress --colors
25 error You can get information on how to open an issue for this project with:
25 error     npm bugs frontend-boilerplate
25 error Or if that isn't available, you can get their info via:
25 error     npm owner ls frontend-boilerplate
25 error There is likely additional logging output above.
26 verbose exit [ 1, true ]
